[2026-05-08 19:00:00] [ID:b83b9776] Запуск диагностики.
[2026-05-08 19:00:00] [SCANNER_AGENT] Начало сканирования.
[2026-05-08 19:00:01] [SCANNER_AGENT] Критический сбой: Autopilot на порту 8765 недоступен.
[2026-05-08 19:00:01] [SCANNER_AGENT] Критический сбой: MCP_Gateway на порту 8766 недоступен.
[2026-05-08 19:00:01] [SCANNER_AGENT] Критический сбой: Mesh_Server на порту 8767 недоступен.
[2026-05-08 19:00:01] [SCANNER_AGENT] Диагностика завершена. Все системы в норме: False
[2026-05-08 21:07:27] [SENTINEL] Sentinel-0 запущен в автономном режиме.
[2026-05-08 21:14:58] [SENTINEL-0] Sentinel-0 переведен в режим активного сканирования шлюзов.
[2026-05-08 21:14:58] [SENTINEL-0] ALERT: Узел Autopilot (Port 8765) недоступен.
[2026-05-08 21:14:58] [SENTINEL-0] ALERT: Узел MCP_Gateway (Port 8766) недоступен.
[2026-05-08 21:14:58] [SENTINEL-0] ALERT: Узел Mesh_Server (Port 8767) недоступен.
[2026-05-08 19:18:15] [ID:8123a046] Глобальная синхронизация узлов.
[2026-05-08 21:19:58] [SENTINEL-0] ALERT: Узел Autopilot (Port 8765) недоступен.
[2026-05-08 21:19:58] [SENTINEL-0] ALERT: Узел MCP_Gateway (Port 8766) недоступен.
[2026-05-08 21:19:58] [SENTINEL-0] ALERT: Узел Mesh_Server (Port 8767) недоступен.
[2026-05-08 21:24:58] [SENTINEL-0] ALERT: Узел Autopilot (Port 8765) недоступен.
[2026-05-08 21:24:58] [SENTINEL-0] ALERT: Узел MCP_Gateway (Port 8766) недоступен.
[2026-05-08 21:24:58] [SENTINEL-0] ALERT: Узел Mesh_Server (Port 8767) недоступен.
[2026-05-08 21:34:34] [SENTINEL-0] Sentinel-0 переведен в режим автономного анализа ресурсов.
[2026-05-08 19:47:06] [SENTINEL-0] Heartbeat Autopilot (8765): DEAD
[2026-05-08 19:47:06] [SENTINEL-0] Heartbeat MCP_Gateway (8766): DEAD
[2026-05-08 19:47:06] [SENTINEL-0] Heartbeat Mesh_Server (8767): DEAD
[2026-05-08 19:50:34] [SENTINEL-0] Heartbeat Autopilot (8765): HEALTHY
[2026-05-08 19:50:34] [SENTINEL-0] Heartbeat MCP_Gateway (8766): HEALTHY
[2026-05-08 19:50:34] [SENTINEL-0] Heartbeat Mesh_Server (8767): HEALTHY
